1613069617066	geckodriver	INFO	Listening on 127.0.0.1:49658
1613069617874	mozrunner::runner	INFO	Running command: "/Applications/Firefox.app/Contents/MacOS/firefox-bin" "--marionette" "-foreground" "-no-remote" "-profile" "/var/folders/b9/t5cz3cnn7d34ljr3tr5r6zlr0000gn/T/rust_mozprofilee2gdiA"
2021-02-11 10:53:39.628 firefox-bin[996:27922] Warning: Expected min height of view: (<NSButton: 0x1402b4000>) to be less than or equal to 30 but got a height of 32.000000. This error will be logged once per view in violation.
2021-02-11 10:53:39.629 firefox-bin[996:27922] Warning: Expected min height of view: (<NSButton: 0x1402ac400>) to be less than or equal to 30 but got a height of 32.000000. This error will be logged once per view in violation.
2021-02-11 10:53:39.629 firefox-bin[996:27922] Warning: Expected min height of view: (<NSButton: 0x1402b1000>) to be less than or equal to 30 but got a height of 32.000000. This error will be logged once per view in violation.
2021-02-11 10:53:39.630 firefox-bin[996:27922] Warning: Expected min height of view: (<NSButton: 0x1402b0800>) to be less than or equal to 30 but got a height of 32.000000. This error will be logged once per view in violation.
2021-02-11 10:53:39.630 firefox-bin[996:27922] Warning: Expected min height of view: (<NSButton: 0x1402b1400>) to be less than or equal to 30 but got a height of 32.000000. This error will be logged once per view in violation.
2021-02-11 10:53:39.631 firefox-bin[996:27922] Warning: Expected min height of view: (<NSPopoverTouchBarItemButton: 0x1402b3c00>) to be less than or equal to 30 but got a height of 32.000000. This error will be logged once per view in violation.
2021-02-11 10:53:39.631 firefox-bin[996:27922] Warning: Expected min height of view: (<NSPopoverTouchBarItemButton: 0x140365c00>) to be less than or equal to 30 but got a height of 32.000000. This error will be logged once per view in violation.
console.warn: SearchSettings: "get: No settings file exists, new profile?" (new Error("", "(unknown module)"))
console.warn: SearchSettings: "get: No settings file exists, new profile?" (new Error("", "(unknown module)"))
1613069620651	Marionette	INFO	Listening on port 49670
1613069620742	Marionette	WARN	TLS certificate errors will be ignored for this session
1613069620751	Marionette	ERROR	[19] No reply from Marionette:Register
1613069786601	geckodriver	INFO	Listening on 127.0.0.1:49841
1613069786607	mozrunner::runner	INFO	Running command: "/Applications/Firefox.app/Contents/MacOS/firefox-bin" "--marionette" "-foreground" "-no-remote" "-profile" "/var/folders/b9/t5cz3cnn7d34ljr3tr5r6zlr0000gn/T/rust_mozprofileYb9LUL"
2021-02-11 10:56:27.958 firefox-bin[1044:31186] Warning: Expected min height of view: (<NSButton: 0x12b3e1400>) to be less than or equal to 30 but got a height of 32.000000. This error will be logged once per view in violation.
2021-02-11 10:56:27.959 firefox-bin[1044:31186] Warning: Expected min height of view: (<NSButton: 0x13816a000>) to be less than or equal to 30 but got a height of 32.000000. This error will be logged once per view in violation.
2021-02-11 10:56:27.959 firefox-bin[1044:31186] Warning: Expected min height of view: (<NSButton: 0x13816cc00>) to be less than or equal to 30 but got a height of 32.000000. This error will be logged once per view in violation.
2021-02-11 10:56:27.960 firefox-bin[1044:31186] Warning: Expected min height of view: (<NSButton: 0x13816d000>) to be less than or equal to 30 but got a height of 32.000000. This error will be logged once per view in violation.
2021-02-11 10:56:27.960 firefox-bin[1044:31186] Warning: Expected min height of view: (<NSButton: 0x138167c00>) to be less than or equal to 30 but got a height of 32.000000. This error will be logged once per view in violation.
2021-02-11 10:56:27.961 firefox-bin[1044:31186] Warning: Expected min height of view: (<NSPopoverTouchBarItemButton: 0x13816d800>) to be less than or equal to 30 but got a height of 32.000000. This error will be logged once per view in violation.
2021-02-11 10:56:27.961 firefox-bin[1044:31186] Warning: Expected min height of view: (<NSPopoverTouchBarItemButton: 0x138422c00>) to be less than or equal to 30 but got a height of 32.000000. This error will be logged once per view in violation.
console.warn: SearchSettings: "get: No settings file exists, new profile?" (new Error("", "(unknown module)"))
console.warn: SearchSettings: "get: No settings file exists, new profile?" (new Error("", "(unknown module)"))
1613069788967	Marionette	INFO	Listening on port 49850
1613069789059	Marionette	WARN	TLS certificate errors will be ignored for this session
1613069789068	Marionette	ERROR	[19] No reply from Marionette:Register
1613069986605	geckodriver	INFO	Listening on 127.0.0.1:50004
1613069986615	mozrunner::runner	INFO	Running command: "/Applications/Firefox.app/Contents/MacOS/firefox-bin" "--marionette" "-foreground" "-no-remote" "-profile" "/var/folders/b9/t5cz3cnn7d34ljr3tr5r6zlr0000gn/T/rust_mozprofilexc5QOe"
2021-02-11 10:59:48.002 firefox-bin[1055:33645] Warning: Expected min height of view: (<NSButton: 0x12f985400>) to be less than or equal to 30 but got a height of 32.000000. This error will be logged once per view in violation.
2021-02-11 10:59:48.003 firefox-bin[1055:33645] Warning: Expected min height of view: (<NSButton: 0x13ae68800>) to be less than or equal to 30 but got a height of 32.000000. This error will be logged once per view in violation.
2021-02-11 10:59:48.003 firefox-bin[1055:33645] Warning: Expected min height of view: (<NSButton: 0x13ae6c400>) to be less than or equal to 30 but got a height of 32.000000. This error will be logged once per view in violation.
2021-02-11 10:59:48.004 firefox-bin[1055:33645] Warning: Expected min height of view: (<NSButton: 0x13ae6a800>) to be less than or equal to 30 but got a height of 32.000000. This error will be logged once per view in violation.
2021-02-11 10:59:48.004 firefox-bin[1055:33645] Warning: Expected min height of view: (<NSButton: 0x13ae68c00>) to be less than or equal to 30 but got a height of 32.000000. This error will be logged once per view in violation.
2021-02-11 10:59:48.005 firefox-bin[1055:33645] Warning: Expected min height of view: (<NSPopoverTouchBarItemButton: 0x13ae6cc00>) to be less than or equal to 30 but got a height of 32.000000. This error will be logged once per view in violation.
2021-02-11 10:59:48.005 firefox-bin[1055:33645] Warning: Expected min height of view: (<NSPopoverTouchBarItemButton: 0x13b128c00>) to be less than or equal to 30 but got a height of 32.000000. This error will be logged once per view in violation.
console.warn: SearchSettings: "get: No settings file exists, new profile?" (new Error("", "(unknown module)"))
console.warn: SearchSettings: "get: No settings file exists, new profile?" (new Error("", "(unknown module)"))
1613069989204	Marionette	INFO	Listening on port 50013
1613069989288	Marionette	WARN	TLS certificate errors will be ignored for this session
1613069989296	Marionette	ERROR	[19] No reply from Marionette:Register
1613070085743	Marionette	INFO	Stopped listening on port 49670

###!!! [Parent][RunMessage] Error: Channel closing: too late to send/recv, messages will be lost

1613070087485	Marionette	INFO	Stopped listening on port 49850

###!!! [Parent][RunMessage] Error: Channel closing: too late to send/recv, messages will be lost

1613070089520	Marionette	INFO	Stopped listening on port 50013

###!!! [Parent][RunMessage] Error: Channel closing: too late to send/recv, messages will be lost

1613070103628	geckodriver	INFO	Listening on 127.0.0.1:50192
1613070103635	mozrunner::runner	INFO	Running command: "/Applications/Firefox.app/Contents/MacOS/firefox-bin" "--marionette" "-foreground" "-no-remote" "-profile" "/var/folders/b9/t5cz3cnn7d34ljr3tr5r6zlr0000gn/T/rust_mozprofilesvu0lR"
2021-02-11 11:01:44.965 firefox-bin[1069:35370] Warning: Expected min height of view: (<NSButton: 0x12a7a0c00>) to be less than or equal to 30 but got a height of 32.000000. This error will be logged once per view in violation.
2021-02-11 11:01:44.966 firefox-bin[1069:35370] Warning: Expected min height of view: (<NSButton: 0x137545000>) to be less than or equal to 30 but got a height of 32.000000. This error will be logged once per view in violation.
2021-02-11 11:01:44.966 firefox-bin[1069:35370] Warning: Expected min height of view: (<NSButton: 0x137545800>) to be less than or equal to 30 but got a height of 32.000000. This error will be logged once per view in violation.
2021-02-11 11:01:44.967 firefox-bin[1069:35370] Warning: Expected min height of view: (<NSButton: 0x137548800>) to be less than or equal to 30 but got a height of 32.000000. This error will be logged once per view in violation.
2021-02-11 11:01:44.967 firefox-bin[1069:35370] Warning: Expected min height of view: (<NSButton: 0x137544400>) to be less than or equal to 30 but got a height of 32.000000. This error will be logged once per view in violation.
2021-02-11 11:01:44.967 firefox-bin[1069:35370] Warning: Expected min height of view: (<NSPopoverTouchBarItemButton: 0x137545c00>) to be less than or equal to 30 but got a height of 32.000000. This error will be logged once per view in violation.
2021-02-11 11:01:44.968 firefox-bin[1069:35370] Warning: Expected min height of view: (<NSPopoverTouchBarItemButton: 0x137802800>) to be less than or equal to 30 but got a height of 32.000000. This error will be logged once per view in violation.
console.warn: SearchSettings: "get: No settings file exists, new profile?" (new Error("", "(unknown module)"))
console.warn: SearchSettings: "get: No settings file exists, new profile?" (new Error("", "(unknown module)"))
1613070105995	Marionette	INFO	Listening on port 50197
1613070106094	Marionette	WARN	TLS certificate errors will be ignored for this session
1613070106103	Marionette	ERROR	[19] No reply from Marionette:Register
1613070189467	Marionette	INFO	Stopped listening on port 50197

###!!! [Parent][RunMessage] Error: Channel closing: too late to send/recv, messages will be lost

1613070681209	geckodriver	INFO	Listening on 127.0.0.1:50361
1613070681215	mozrunner::runner	INFO	Running command: "/Applications/Firefox.app/Contents/MacOS/firefox-bin" "--marionette" "-foreground" "-no-remote" "-profile" "/var/folders/b9/t5cz3cnn7d34ljr3tr5r6zlr0000gn/T/rust_mozprofilen6Y3F2"
2021-02-11 11:11:22.538 firefox-bin[1114:41782] Warning: Expected min height of view: (<NSButton: 0x128f11000>) to be less than or equal to 30 but got a height of 32.000000. This error will be logged once per view in violation.
2021-02-11 11:11:22.539 firefox-bin[1114:41782] Warning: Expected min height of view: (<NSButton: 0x1328bf400>) to be less than or equal to 30 but got a height of 32.000000. This error will be logged once per view in violation.
2021-02-11 11:11:22.540 firefox-bin[1114:41782] Warning: Expected min height of view: (<NSButton: 0x1328bf000>) to be less than or equal to 30 but got a height of 32.000000. This error will be logged once per view in violation.
2021-02-11 11:11:22.540 firefox-bin[1114:41782] Warning: Expected min height of view: (<NSButton: 0x1328c2000>) to be less than or equal to 30 but got a height of 32.000000. This error will be logged once per view in violation.
2021-02-11 11:11:22.541 firefox-bin[1114:41782] Warning: Expected min height of view: (<NSButton: 0x1328c1800>) to be less than or equal to 30 but got a height of 32.000000. This error will be logged once per view in violation.
2021-02-11 11:11:22.541 firefox-bin[1114:41782] Warning: Expected min height of view: (<NSPopoverTouchBarItemButton: 0x1328c3800>) to be less than or equal to 30 but got a height of 32.000000. This error will be logged once per view in violation.
2021-02-11 11:11:22.542 firefox-bin[1114:41782] Warning: Expected min height of view: (<NSPopoverTouchBarItemButton: 0x132e4f400>) to be less than or equal to 30 but got a height of 32.000000. This error will be logged once per view in violation.
console.warn: SearchSettings: "get: No settings file exists, new profile?" (new Error("", "(unknown module)"))
console.warn: SearchSettings: "get: No settings file exists, new profile?" (new Error("", "(unknown module)"))
1613070683621	Marionette	INFO	Listening on port 50366
1613070683669	Marionette	WARN	TLS certificate errors will be ignored for this session
1613070683678	Marionette	ERROR	[16] No reply from Marionette:Register
Marionette threw an error: TypeError: browsingContextFn().currentWindowGlobal is null
getMarionetteCommandsActorProxy/get/<@chrome://marionette/content/actors/MarionetteCommandsParent.jsm:332:29

1613072275177	Marionette	INFO	Stopped listening on port 50366

###!!! [Parent][RunMessage] Error: Channel closing: too late to send/recv, messages will be lost

